app/build/intermediates/manifest_merge_blame_file/release/manifest-merger-blame-release-report.txt
1<?xml version="1.0" encoding="utf-8"?>
2<manifest xmlns:android="http://schemas.android.com/apk/res/android"
3    package="com.example.filtersms"
4    android:versionCode="1"
5    android:versionName="1.0" >
6
7    <uses-sdk
8        android:minSdkVersion="26"
9        android:targetSdkVersion="34" />
10
11    <uses-permission android:name="android.permission.RECEIVE_SMS" />
11-->src/main/AndroidManifest.xml:4:5-70
11-->src/main/AndroidManifest.xml:4:22-67
12    <uses-permission android:name="android.permission.READ_SMS" />
12-->src/main/AndroidManifest.xml:5:5-67
12-->src/main/AndroidManifest.xml:5:22-64
13    <uses-permission android:name="android.permission.INTERNET" />
13-->src/main/AndroidManifest.xml:6:5-67
13-->src/main/AndroidManifest.xml:6:22-64
14
15    <uses-feature
15-->src/main/AndroidManifest.xml:8:5-88
16        android:name="android.hardware.telephony"
16-->src/main/AndroidManifest.xml:8:19-60
17        android:required="false" />
17-->src/main/AndroidManifest.xml:8:61-85
18
19    <permission
19-->[androidx.core:core:1.9.0] AndroidManifest.xml:22:5-24:47
20        android:name="com.example.filtersms.DYNAMIC_RECEIVER_NOT_EXPORTED_PERMISSION"
20-->[androidx.core:core:1.9.0] AndroidManifest.xml:23:9-81
21        android:protectionLevel="signature" />
21-->[androidx.core:core:1.9.0] AndroidManifest.xml:24:9-44
22
23    <uses-permission android:name="com.example.filtersms.DYNAMIC_RECEIVER_NOT_EXPORTED_PERMISSION" />
23-->[androidx.core:core:1.9.0] AndroidManifest.xml:26:5-97
23-->[androidx.core:core:1.9.0] AndroidManifest.xml:26:22-94
24
25    <application
25-->src/main/AndroidManifest.xml:10:5-38:19
26        android:allowBackup="true"
26-->src/main/AndroidManifest.xml:11:9-35
27        android:appComponentFactory="androidx.core.app.CoreComponentFactory"
27-->[androidx.core:core:1.9.0] AndroidManifest.xml:28:18-86
28        android:extractNativeLibs="false"
29        android:icon="@drawable/ic_launcher"
29-->src/main/AndroidManifest.xml:12:9-45
30        android:label="@string/app_name"
30-->src/main/AndroidManifest.xml:13:9-41
31        android:roundIcon="@drawable/ic_launcher_round"
31-->src/main/AndroidManifest.xml:14:9-56
32        android:supportsRtl="true"
32-->src/main/AndroidManifest.xml:15:9-35
33        android:theme="@style/Theme.FilterSMS" >
33-->src/main/AndroidManifest.xml:16:9-47
34        <activity
34-->src/main/AndroidManifest.xml:18:9-25:20
35            android:name="com.example.filtersms.MainActivity"
35-->src/main/AndroidManifest.xml:19:13-41
36            android:exported="true" >
36-->src/main/AndroidManifest.xml:20:13-36
37            <intent-filter>
37-->src/main/AndroidManifest.xml:21:13-24:29
38                <action android:name="android.intent.action.MAIN" />
38-->src/main/AndroidManifest.xml:22:17-69
38-->src/main/AndroidManifest.xml:22:25-66
39
40                <category android:name="android.intent.category.LAUNCHER" />
40-->src/main/AndroidManifest.xml:23:17-77
40-->src/main/AndroidManifest.xml:23:27-74
41            </intent-filter>
42        </activity>
43
44        <receiver
44-->src/main/AndroidManifest.xml:27:9-32:20
45            android:name="com.example.filtersms.SmsReceiver"
45-->src/main/AndroidManifest.xml:27:19-46
46            android:exported="true" >
46-->src/main/AndroidManifest.xml:28:13-36
47            <intent-filter>
47-->src/main/AndroidManifest.xml:29:13-31:29
48                <action android:name="android.provider.Telephony.SMS_RECEIVED" />
48-->src/main/AndroidManifest.xml:30:17-82
48-->src/main/AndroidManifest.xml:30:25-79
49            </intent-filter>
50        </receiver>
51
52        <activity android:name="com.example.filtersms.EmailSettingsActivity" />
52-->src/main/AndroidManifest.xml:34:9-59
52-->src/main/AndroidManifest.xml:34:19-56
53        <activity android:name="com.example.filtersms.AddEditRuleActivity" />
53-->src/main/AndroidManifest.xml:35:9-57
53-->src/main/AndroidManifest.xml:35:19-54
54        <activity android:name="com.example.filtersms.LogsActivity" />
54-->src/main/AndroidManifest.xml:36:9-50
54-->src/main/AndroidManifest.xml:36:19-47
55
56        <service
56-->[androidx.room:room-runtime:2.6.0] AndroidManifest.xml:24:9-28:63
57            android:name="androidx.room.MultiInstanceInvalidationService"
57-->[androidx.room:room-runtime:2.6.0] AndroidManifest.xml:25:13-74
58            android:directBootAware="true"
58-->[androidx.room:room-runtime:2.6.0] AndroidManifest.xml:26:13-43
59            android:exported="false" />
59-->[androidx.room:room-runtime:2.6.0] AndroidManifest.xml:27:13-37
60
61        <activity
61-->[com.google.android.gms:play-services-auth:21.2.0] AndroidManifest.xml:23:9-27:75
62            android:name="com.google.android.gms.auth.api.signin.internal.SignInHubActivity"
62-->[com.google.android.gms:play-services-auth:21.2.0] AndroidManifest.xml:24:13-93
63            android:excludeFromRecents="true"
63-->[com.google.android.gms:play-services-auth:21.2.0] AndroidManifest.xml:25:13-46
64            android:exported="false"
64-->[com.google.android.gms:play-services-auth:21.2.0] AndroidManifest.xml:26:13-37
65            android:theme="@android:style/Theme.Translucent.NoTitleBar" />
65-->[com.google.android.gms:play-services-auth:21.2.0] AndroidManifest.xml:27:13-72
66        <!--
67            Service handling Google Sign-In user revocation. For apps that do not integrate with
68            Google Sign-In, this service will never be started.
69        -->
70        <service
70-->[com.google.android.gms:play-services-auth:21.2.0] AndroidManifest.xml:33:9-37:51
71            android:name="com.google.android.gms.auth.api.signin.RevocationBoundService"
71-->[com.google.android.gms:play-services-auth:21.2.0] AndroidManifest.xml:34:13-89
72            android:exported="true"
72-->[com.google.android.gms:play-services-auth:21.2.0] AndroidManifest.xml:35:13-36
73            android:permission="com.google.android.gms.auth.api.signin.permission.REVOCATION_NOTIFICATION"
73-->[com.google.android.gms:play-services-auth:21.2.0] AndroidManifest.xml:36:13-107
74            android:visibleToInstantApps="true" />
74-->[com.google.android.gms:play-services-auth:21.2.0] AndroidManifest.xml:37:13-48
75
76        <activity
76-->[com.google.android.gms:play-services-base:18.3.0] AndroidManifest.xml:20:9-22:45
77            android:name="com.google.android.gms.common.api.GoogleApiActivity"
77-->[com.google.android.gms:play-services-base:18.3.0] AndroidManifest.xml:20:19-85
78            android:exported="false"
78-->[com.google.android.gms:play-services-base:18.3.0] AndroidManifest.xml:22:19-43
79            android:theme="@android:style/Theme.Translucent.NoTitleBar" />
79-->[com.google.android.gms:play-services-base:18.3.0] AndroidManifest.xml:21:19-78
80
81        <meta-data
81-->[com.google.android.gms:play-services-basement:18.3.0] AndroidManifest.xml:21:9-23:69
82            android:name="com.google.android.gms.version"
82-->[com.google.android.gms:play-services-basement:18.3.0] AndroidManifest.xml:22:13-58
83            android:value="@integer/google_play_services_version" />
83-->[com.google.android.gms:play-services-basement:18.3.0] AndroidManifest.xml:23:13-66
84
85        <provider
85-->[androidx.emoji2:emoji2:1.2.0] AndroidManifest.xml:24:9-32:20
86            android:name="androidx.startup.InitializationProvider"
86-->[androidx.emoji2:emoji2:1.2.0] AndroidManifest.xml:25:13-67
87            android:authorities="com.example.filtersms.androidx-startup"
87-->[androidx.emoji2:emoji2:1.2.0] AndroidManifest.xml:26:13-68
88            android:exported="false" >
88-->[androidx.emoji2:emoji2:1.2.0] AndroidManifest.xml:27:13-37
89            <meta-data
89-->[androidx.emoji2:emoji2:1.2.0] AndroidManifest.xml:29:13-31:52
90                android:name="androidx.emoji2.text.EmojiCompatInitializer"
90-->[androidx.emoji2:emoji2:1.2.0] AndroidManifest.xml:30:17-75
91                android:value="androidx.startup" />
91-->[androidx.emoji2:emoji2:1.2.0] AndroidManifest.xml:31:17-49
92            <meta-data
92-->[androidx.lifecycle:lifecycle-process:2.4.1] AndroidManifest.xml:31:13-33:52
93                android:name="androidx.lifecycle.ProcessLifecycleInitializer"
93-->[androidx.lifecycle:lifecycle-process:2.4.1] AndroidManifest.xml:32:17-78
94                android:value="androidx.startup" />
94-->[androidx.lifecycle:lifecycle-process:2.4.1] AndroidManifest.xml:33:17-49
95        </provider>
96    </application>
97
98</manifest>